{
  "stats": {
    "suites": 3,
    "tests": 6,
    "passes": 6,
    "pending": 0,
    "failures": 0,
    "start": "2026-08-25T18:39:28.429Z",
    "end": "2026-08-25T18:39:33.668Z",
    "duration": 5239,
    "testsRegistered": 6,
    "passPercent": 100,
    "pendingPercent": 0,
    "other": 0,
    "hasOther": false,
    "skipped": 0,
    "hasSkipped": false
  },
  "results": [
    {
      "uuid": "e2f6dfc9-2e12-4a5b-aa95-ffb351520fba",
      "title": "",
      "fullFile": "cypress\\e2e\\login.cy.js",
      "file": "cypress\\e2e\\login.cy.js",
      "beforeHooks": [],
      "afterHooks": [],
      "tests": [],
      "suites": [
        {
          "uuid": "198e5984-d6f3-478e-9261-2d7ca49cd87b",
          "title": "Autenticação de usuário",
          "fullFile": "",
          "file": "",
          "beforeHooks": [],
          "afterHooks": [],
          "tests": [
            {
              "title": "cy.login() deve funcionar via cy.session()",
              "fullTitle": "Autenticação de usuário cy.login() deve funcionar via cy.session()",
              "timedOut": null,
              "duration": 1989,
              "state": "passed",
              "speed": "fast",
              "pass": true,
              "fail": false,
              "pending": false,
              "context": null,
              "code": "cy.login(email, password);\ncy.intercept('GET', '**api/v1/products*').as('getProducts');\ncy.visit('/products');\ncy.wait('@getProducts').then(interception => {\n  expect(interception.response.statusCode).to.eq(200);\n});",
              "err": {},
              "uuid": "930e6ec4-9e36-4f17-9b1c-1553ecabcaeb",
              "parentUUID": "198e5984-d6f3-478e-9261-2d7ca49cd87b",
              "isHook": false,
              "skipped": false
            }
          ],
          "suites": [
            {
              "uuid": "a61beaf8-7def-46d0-9d30-33cf547f07ef",
              "title": "Credenciais inválidas",
              "fullFile": "",
              "file": "",
              "beforeHooks": [],
              "afterHooks": [],
              "tests": [
                {
                  "title": "deve acessar o site e exibir a tela de login",
                  "fullTitle": "Autenticação de usuário Credenciais inválidas deve acessar o site e exibir a tela de login",
                  "timedOut": null,
                  "duration": 191,
                  "state": "passed",
                  "speed": "fast",
                  "pass": true,
                  "fail": false,
                  "pending": false,
                  "context": null,
                  "code": "_LoginPage.default.getEmailInput().should('be.visible');\n_LoginPage.default.getPasswordInput().should('be.visible');\n_LoginPage.default.getLoginButton().should('be.visible');",
                  "err": {},
                  "uuid": "aa7505c8-584b-404b-abcd-83ee2bf20bae",
                  "parentUUID": "a61beaf8-7def-46d0-9d30-33cf547f07ef",
                  "isHook": false,
                  "skipped": false
                },
                {
                  "title": "deve exibir erro para email invalido",
                  "fullTitle": "Autenticação de usuário Credenciais inválidas deve exibir erro para email invalido",
                  "timedOut": null,
                  "duration": 858,
                  "state": "passed",
                  "speed": "fast",
                  "pass": true,
                  "fail": false,
                  "pending": false,
                  "context": null,
                  "code": "_LoginPage.default.preencherEmail('teste@teste.com');\n_LoginPage.default.preencherSenha(password);\n_LoginPage.default.clickLoginButton();\n_LoginPage.default.messageErrorEmail().should('have.text', 'Usuário não encontrado. Verifique o email ou cadastre-se.').and('be.visible');",
                  "err": {},
                  "uuid": "c9009fd5-cad2-4e43-9b51-d63766e4916f",
                  "parentUUID": "a61beaf8-7def-46d0-9d30-33cf547f07ef",
                  "isHook": false,
                  "skipped": false
                },
                {
                  "title": "deve exibir erro para senha inválida",
                  "fullTitle": "Autenticação de usuário Credenciais inválidas deve exibir erro para senha inválida",
                  "timedOut": null,
                  "duration": 1238,
                  "state": "passed",
                  "speed": "fast",
                  "pass": true,
                  "fail": false,
                  "pending": false,
                  "context": null,
                  "code": "_LoginPage.default.preencherEmail(email);\n_LoginPage.default.preencherSenha('senhaerrada');\n_LoginPage.default.clickLoginButton();\n_LoginPage.default.messageErrorSenha().should('have.text', 'Email ou senha inválidos').and('be.visible');",
                  "err": {},
                  "uuid": "91c9ce0f-90ef-4f07-b1f0-05369e468a5b",
                  "parentUUID": "a61beaf8-7def-46d0-9d30-33cf547f07ef",
                  "isHook": false,
                  "skipped": false
                },
                {
                  "title": "deve exibir erro para login apenas com senha",
                  "fullTitle": "Autenticação de usuário Credenciais inválidas deve exibir erro para login apenas com senha",
                  "timedOut": null,
                  "duration": 461,
                  "state": "passed",
                  "speed": "fast",
                  "pass": true,
                  "fail": false,
                  "pending": false,
                  "context": null,
                  "code": "_LoginPage.default.preencherSenha(password);\n_LoginPage.default.clickLoginButton();\n_LoginPage.default.messageErrorSenha().should('have.text', 'Email e senha são obrigatórios').and('be.visible');",
                  "err": {},
                  "uuid": "8c1dd283-926b-4ab4-83ff-27ff540b0372",
                  "parentUUID": "a61beaf8-7def-46d0-9d30-33cf547f07ef",
                  "isHook": false,
                  "skipped": false
                }
              ],
              "suites": [],
              "passes": [
                "aa7505c8-584b-404b-abcd-83ee2bf20bae",
                "c9009fd5-cad2-4e43-9b51-d63766e4916f",
                "91c9ce0f-90ef-4f07-b1f0-05369e468a5b",
                "8c1dd283-926b-4ab4-83ff-27ff540b0372"
              ],
              "failures": [],
              "pending": [],
              "skipped": [],
              "duration": 2748,
              "root": false,
              "rootEmpty": false,
              "_timeout": 2000
            },
            {
              "uuid": "f340f254-6c98-477c-b701-0fd19fcb7544",
              "title": "Credenciais válidas",
              "fullFile": "",
              "file": "",
              "beforeHooks": [],
              "afterHooks": [],
              "tests": [
                {
                  "title": "deve autenticar com credenciais válidas",
                  "fullTitle": "Autenticação de usuário Credenciais válidas deve autenticar com credenciais válidas",
                  "timedOut": null,
                  "duration": 380,
                  "state": "passed",
                  "speed": "fast",
                  "pass": true,
                  "fail": false,
                  "pending": false,
                  "context": null,
                  "code": "//cy.login(email, password)\ncy.visit('/products');\n_LoginPage.default.validatePageInitial().should('be.visible').and('contain', 'Lista de Produtos (Admin View)');",
                  "err": {},
                  "uuid": "fd33f0c2-f38c-4dcd-9223-8a3d39d5be4f",
                  "parentUUID": "f340f254-6c98-477c-b701-0fd19fcb7544",
                  "isHook": false,
                  "skipped": false
                }
              ],
              "suites": [],
              "passes": [
                "fd33f0c2-f38c-4dcd-9223-8a3d39d5be4f"
              ],
              "failures": [],
              "pending": [],
              "skipped": [],
              "duration": 380,
              "root": false,
              "rootEmpty": false,
              "_timeout": 2000
            }
          ],
          "passes": [
            "930e6ec4-9e36-4f17-9b1c-1553ecabcaeb"
          ],
          "failures": [],
          "pending": [],
          "skipped": [],
          "duration": 1989,
          "root": false,
          "rootEmpty": false,
          "_timeout": 2000
        }
      ],
      "passes": [],
      "failures": [],
      "pending": [],
      "skipped": [],
      "duration": 0,
      "root": true,
      "rootEmpty": true,
      "_timeout": 2000
    }
  ],
  "meta": {
    "mocha": {
      "version": "7.2.0"
    },
    "mochawesome": {
      "options": {
        "quiet": false,
        "reportFilename": "mochawesome",
        "saveHtml": false,
        "saveJson": true,
        "consoleReporter": "spec",
        "useInlineDiffs": false,
        "code": true
      },
      "version": "8.0.1"
    },
    "marge": {
      "options": {
        "reportDir": "cypress/reports",
        "overwrite": false,
        "html": false,
        "json": true
      },
      "version": "6.3.2"
    }
  }
}